<?xml version="1.0" encoding="UTF-8"?>
<!-- Generated by org.testng.reporters.JUnitReportReporter -->
<testsuite skipped="0" hostname="Iftekhars-MBP-2.attlocal.net" name="academy.ValidateNavigationBar" tests="1" failures="0" timestamp="12 Dec 2020 04:53:47 GMT" time="0.492" errors="0">
  <testcase name="basePageNavigation" time="0.492" classname="academy.ValidateNavigationBar"/>
</testsuite> <!-- academy.ValidateNavigationBar -->
