<?xml version="1.0" encoding="UTF-8"?>
<!-- Generated by org.testng.reporters.JUnitReportReporter -->
<testsuite skipped="0" hostname="Iftekhars-MBP-2.attlocal.net" name="academy.ValidateTitle" tests="1" failures="0" timestamp="12 Dec 2020 04:53:47 GMT" time="0.212" errors="0">
  <testcase name="basePageNavigation" time="0.212" classname="academy.ValidateTitle"/>
</testsuite> <!-- academy.ValidateTitle -->
